<?xml version="1.0" encoding="UTF-8"?>
<!-- Generated by org.testng.reporters.JUnitReportReporter -->
<testsuite hostname="Parichit" failures="0" tests="1" name="com.register.test.RegistrationTest" time="6.727" errors="0" timestamp="24 Apr 2022 07:49:05 GMT" skipped="0">
  <testcase classname="com.register.test.RegistrationTest" name="RegisterUser" time="6.727"/>
</testsuite> <!-- com.register.test.RegistrationTest -->
